This is pdfTeX, Version 3.141592653-2.6-1.40.25 (MiKTeX 23.12) (preloaded format=pdflatex 2024.1.10)  26 JAN 2024 09:30
entering extended mode
 restricted \write18 enabled.
 file:line:error style messages enabled.
 %&-line parsing enabled.
**"c:/Users/jesus/OneDrive/ë°”íƒ• í™”ë©´/Workspace/LaTexWorkspace/la_sol/LA_SOL.tex"
(c:/Users/jesus/OneDrive/ë°”íƒ• í™”ë©´/Workspace/LaTexWorkspace/la_sol/LA_SOL.tex
LaTeX2e <2023-11-01>
L3 programming layer <2024-01-04>
(C:\Users\jesus\AppData\Local\Programs\MiKTeX\tex/latex/kotex-oblivoir\oblivoir.cls
Document Class: oblivoir 2023/03/09 v3.2.1
(C:\Users\jesus\AppData\Local\Programs\MiKTeX\tex/latex/xkeyval\xkeyval.sty
Package: xkeyval 2022/06/16 v2.9 package option processing (HA)
 (C:\Users\jesus\AppData\Local\Programs\MiKTeX\tex/generic/xkeyval\xkeyval.tex (C:\Users\jesus\AppData\Local\Programs\MiKTeX\tex/generic/xkeyval\xkvutils.tex
\XKV@toks=\toks17
\XKV@tempa@toks=\toks18
 (C:\Users\jesus\AppData\Local\Programs\MiKTeX\tex/generic/xkeyval\keyval.tex))
\XKV@depth=\count187
File: xkeyval.tex 2014/12/03 v2.7a key=value parser (HA)
)) (C:\Users\jesus\AppData\Local\Programs\MiKTeX\tex/latex/l3packages/xparse\xparse.sty (C:\Users\jesus\AppData\Local\Programs\MiKTeX\tex/latex/l3kernel\expl3.sty
Package: expl3 2024-01-04 L3 programming layer (loader) 
 (C:\Users\jesus\AppData\Local\Programs\MiKTeX\tex/latex/l3backend\l3backend-pdftex.def
File: l3backend-pdftex.def 2024-01-04 L3 backend support: PDF output (pdfTeX)
\l__color_backend_stack_int=\count188
\l__pdf_internal_box=\box51
))
Package: xparse 2023-10-10 L3 Experimental document command parser
) (C:\Users\jesus\AppData\Local\Programs\MiKTeX\tex/generic/iftex\iftex.sty
Package: iftex 2022/02/03 v1.0f TeX engine tests
) (C:\Users\jesus\AppData\Local\Programs\MiKTeX\tex/latex/kotex-oblivoir\oblivoir-utf.cls
Document Class: oblivoir-utf 2020/02/10 v0.8.2 article-like class to typeset UTF-8 korean using memoir.
\fa@setheight=\skip48
\fa@setwidth=\skip49
(C:\Users\jesus\AppData\Local\Programs\MiKTeX\tex/latex/memoir\memoir.cls
Document Class: memoir 2023/08/21 v3.8.1 configurable book, report, article document class
(C:\Users\jesus\AppData\Local\Programs\MiKTeX\tex/latex/xpatch\xpatch.sty
Package: xpatch 2020/03/25 v0.3a Extending etoolbox patching commands
 (C:\Users\jesus\AppData\Local\Programs\MiKTeX\tex/latex/etoolbox\etoolbox.sty
Package: etoolbox 2020/10/05 v2.5k e-TeX tools for LaTeX (JAW)
\etb@tempcnta=\count189
))
\onelineskip=\skip50
\lxvchars=\skip51
\xlvchars=\skip52
\@memcnta=\count190
\c@@memmarkcntra=\count191
\trimtop=\skip53
\trimedge=\skip54
 (C:\Users\jesus\AppData\Local\Programs\MiKTeX\tex/latex/memoir\mem10.clo
File: mem10.clo 2022/07/29 v0.5 memoir class 10pt size option
)
\binding=\skip55
\spinemargin=\skip56
\foremargin=\skip57
\uppermargin=\skip58
\lowermargin=\skip59
\headdrop=\skip60
\normalrulethickness=\skip61
\mem@maxheadheight=\skip62
\mem@maxfootheight=\skip63
\headwidth=\skip64
\c@storedpagenumber=\count192
\memPD=\dimen140
\m@mabparskip=\skip65
\thanksmarkwidth=\skip66
\thanksmarksep=\skip67
\droptitle=\skip68
\c@book=\count193
\c@part=\count194
\c@chapter=\count195
\c@section=\count196
\c@subsection=\count197
\c@subsubsection=\count198
\c@paragraph=\count199
\c@subparagraph=\count266
\beforechapskip=\skip69
\midchapskip=\skip70
\afterchapskip=\skip71
\chapindent=\skip72
\bottomsectionskip=\skip73
\secindent=\skip74
\beforesecskip=\skip75
\aftersecskip=\skip76
\subsecindent=\skip77
\beforesubsecskip=\skip78
\aftersubsecskip=\skip79
\subsubsecindent=\skip80
\beforesubsubsecskip=\skip81
\aftersubsubsecskip=\skip82
\paraindent=\skip83
\beforeparaskip=\skip84
\afterparaskip=\skip85
\subparaindent=\skip86
\beforesubparaskip=\skip87
\aftersubparaskip=\skip88
\pfbreakskip=\skip89
\c@@ppsavesec=\count267
\c@@ppsaveapp=\count268
\ragrparindent=\dimen141
\everylistparindent=\dimen142
\parsepi=\skip90
\topsepi=\skip91
\itemsepi=\skip92
\parsepii=\skip93
\topsepii=\skip94
\topsepiii=\skip95
\itemsepii=\skip96
\itemsepiii=\skip97
\partopsepii=\skip98
\partopsepiii=\skip99
\m@msavetopsep=\skip100
\m@msavepartopsep=\skip101
\@enLab=\toks19
\abstitleskip=\skip102
\absleftindent=\skip103
\abs@leftindent=\dimen143
\absrightindent=\skip104
\absparindent=\skip105
\absparsep=\skip106
\c@vslineno=\count269
\c@poemline=\count270
\c@modulo@vs=\count271
\c@memfvsline=\count272
\vleftskip=\skip107
\vrightskip=\skip108
\stanzaskip=\skip109
\versewidth=\skip110
\vgap=\skip111
\vindent=\skip112
\vleftmargin=\dimen144
\c@verse=\count273
\c@chrsinstr=\count274
\beforepoemtitleskip=\skip113
\afterpoemtitleskip=\skip114
\c@poem=\count275
\beforePoemTitleskip=\skip115
\midPoemTitleskip=\skip116
\afterPoemTitleskip=\skip117
 (C:\Users\jesus\AppData\Local\Programs\MiKTeX\tex/latex/tools\array.sty
Package: array 2023/10/16 v2.5g Tabular extension package (FMi)
\col@sep=\dimen145
\ar@mcellbox=\box52
\extrarowheight=\dimen146
\NC@list=\toks20
\extratabsurround=\skip118
\backup@length=\skip119
\ar@cellbox=\box53
) (C:\Users\jesus\AppData\Local\Programs\MiKTeX\tex/latex/tools\dcolumn.sty
Package: dcolumn 2023/07/08 v1.06 decimal alignment package (DPC)
) (C:\Users\jesus\AppData\Local\Programs\MiKTeX\tex/latex/tools\delarray.sty
Package: delarray 2014/10/28 v1.01 array delimiter package (DPC)
) (C:\Users\jesus\AppData\Local\Programs\MiKTeX\tex/latex/tools\tabularx.sty
Package: tabularx 2023/07/08 v2.11c `tabularx' package (DPC)
\TX@col@width=\dimen147
\TX@old@table=\dimen148
\TX@old@col=\dimen149
\TX@target=\dimen150
\TX@delta=\dimen151
\TX@cols=\count276
\TX@ftn=\toks21
) (C:\Users\jesus\AppData\Local\Programs\MiKTeX\tex/latex/booktabs\booktabs.sty
Package: booktabs 2020/01/12 v1.61803398 Publication quality tables
\heavyrulewidth=\dimen152
\lightrulewidth=\dimen153
\cmidrulewidth=\dimen154
\belowrulesep=\dimen155
\belowbottomsep=\dimen156
\aboverulesep=\dimen157
\abovetopsep=\dimen158
\cmidrulesep=\dimen159
\cmidrulekern=\dimen160
\defaultaddspace=\dimen161
\@cmidla=\count277
\@cmidlb=\count278
\@aboverulesep=\dimen162
\@belowrulesep=\dimen163
\@thisruleclass=\count279
\@lastruleclass=\count280
\@thisrulewidth=\dimen164
)
\ctableftskip=\skip120
\ctabrightskip=\skip121
\abovecolumnspenalty=\count281
\@linestogo=\count282
\@cellstogo=\count283
\@cellsincolumn=\count284
\crtok=\toks22
\@mincolumnwidth=\dimen165
\c@newflo@tctr=\count285
\mem@margin@floatbox=\box54
\@contcwidth=\skip122
\@contindw=\skip123
\abovecaptionskip=\skip124
\belowcaptionskip=\skip125
\subfloattopskip=\skip126
\subfloatcapskip=\skip127
\subfloatcaptopadj=\skip128
\subfloatbottomskip=\skip129
\subfloatlabelskip=\skip130
\subfloatcapmargin=\dimen166
\c@@contsubnum=\count286
\m@mscap@capbox=\box55
\m@mscap@fbox=\box56
\sidecapsep=\dimen167
\sidecapwidth=\dimen168
\m@m@tempdima=\dimen169
\m@mscapraise=\dimen170
\sidecapraise=\dimen171
\m@mscapmainwidth=\dimen172
\m@mscaplkern=\dimen173
\beforeepigraphskip=\skip131
\afterepigraphskip=\skip132
\epigraphwidth=\skip133
\epigraphrule=\skip134
LaTeX Info: Redefining \em on input line 6878.
LaTeX Info: Redefining \emph on input line 6886.
 (C:\Users\jesus\AppData\Local\Programs\MiKTeX\tex/latex/hyperref\nameref.sty
Package: nameref 2023-11-26 v2.56 Cross-referencing by name of section
 (C:\Users\jesus\AppData\Local\Programs\MiKTeX\tex/latex/refcount\refcount.sty
Package: refcount 2019/12/15 v3.6 Data extraction from label references (HO)
 (C:\Users\jesus\AppData\Local\Programs\MiKTeX\tex/generic/ltxcmds\ltxcmds.sty
Package: ltxcmds 2023-12-04 v1.26 LaTeX kernel commands for general use (HO)
) (C:\Users\jesus\AppData\Local\Programs\MiKTeX\tex/generic/infwarerr\infwarerr.sty
Package: infwarerr 2019/12/03 v1.5 Providing info/warning/error messages (HO)
)) (C:\Users\jesus\AppData\Local\Programs\MiKTeX\tex/generic/gettitlestring\gettitlestring.sty
Package: gettitlestring 2019/12/15 v1.6 Cleanup title references (HO)
 (C:\Users\jesus\AppData\Local\Programs\MiKTeX\tex/latex/kvoptions\kvoptions.sty
Package: kvoptions 2022-06-15 v3.15 Key value format for package options (HO)
 (C:\Users\jesus\AppData\Local\Programs\MiKTeX\tex/latex/kvsetkeys\kvsetkeys.sty
Package: kvsetkeys 2022-10-05 v1.19 Key value parser (HO)
)))
\c@section@level=\count287
)
\tocentryskip=\skip135
\tocbaseline=\skip136
\cftparskip=\skip137
\cftbeforebookskip=\skip138
\cftbookindent=\dimen174
\cftbooknumwidth=\dimen175
\cftbeforepartskip=\skip139
\cftpartindent=\skip140
\cftpartnumwidth=\skip141
\cftbeforechapterskip=\skip142
\cftchapterindent=\skip143
\cftchapternumwidth=\skip144
\cftbeforesectionskip=\skip145
\cftsectionindent=\skip146
\cftsectionnumwidth=\skip147
\cftbeforesubsectionskip=\skip148
\cftsubsectionindent=\skip149
\cftsubsectionnumwidth=\skip150
\cftbeforesubsubsectionskip=\skip151
\cftsubsubsectionindent=\skip152
\cftsubsubsectionnumwidth=\skip153
\cftbeforeparagraphskip=\skip154
\cftparagraphindent=\skip155
\cftparagraphnumwidth=\skip156
\cftbeforesubparagraphskip=\skip157
\cftsubparagraphindent=\skip158
\cftsubparagraphnumwidth=\skip159
\prechapterprecisshift=\dimen176
\c@maxsecnumdepth=\count288
\bibindent=\dimen177
\bibitemsep=\skip160
\indexcolsep=\skip161
\indexrule=\skip162
\indexmarkstyle=\toks23
\@indexbox=\insert252
LaTeX Info: Redefining \raggedbottom on input line 7881.
LaTeX Info: Redefining \flushbottom on input line 7885.
\glossarycolsep=\dimen178
\glossaryrule=\dimen179
\sideparvshift=\skip163
\sideins=\insert251
\sidebartopsep=\skip164
\sidebarhsep=\skip165
\sidebarvsep=\skip166
\sidebarwidth=\skip167
\footmarkwidth=\skip168
\footmarksep=\skip169
\footparindent=\skip170
\footinsdim=\skip171
\footinsv@r=\insert250
\@mpfootinsv@r=\insert249
\m@m@k=\count289
\m@m@h=\dimen180
\m@mipn@skip=\skip172
\sidefootins=\insert248
\sidefootadjust=\skip173
\sidefootheight=\skip174
\sidefoothsep=\skip175
\sidefootvsep=\skip176
\sidefootwidth=\skip177
\m@mdownsf=\skip178
\c@sidefootnote=\count290
\sidefootmarkwidth=\skip179
\sidefootmarksep=\skip180
\sidefootparindent=\skip181
\c@pagenote=\count291
\c@pagenoteshadow=\count292
\mem@pn@lastkern=\skip182
\every@verbatim=\toks24
\afterevery@verbatim=\toks25
\verbatim@line=\toks26
\tab@position=\count293
\verbatim@in@stream=\read2
\verbatimindent=\skip183
\verbatim@out=\write3
\bvboxsep=\skip184
\c@memfbvline=\count294
\c@bvlinectr=\count295
\bvnumlength=\skip185
\fb@frw=\dimen181
\fb@frh=\dimen182
\FrameRule=\dimen183
\FrameSep=\dimen184
\c@cp@cntr=\count296
\c@ism@mctr=\count297
\c@xsm@mctr=\count298
\c@csm@mctr=\count299
\c@ksm@mctr=\count300
\c@xksm@mctr=\count301
\c@cksm@mctr=\count302
\c@msm@mctr=\count303
\c@xmsm@mctr=\count304
\c@cmsm@mctr=\count305
\c@bsm@mctr=\count306
\c@workm@mctr=\count307
\c@sheetsequence=\count308
\c@lastsheet=\count309
\c@lastpage=\count310
 (C:\Users\jesus\AppData\Local\Programs\MiKTeX\tex/latex/textcase\textcase.sty
Package: textcase 2023/07/27 v1.04 Text only upper/lower case changing (DPC)
Package textcase Info: Defining Legacy names on input line 20.
)
\c@figure=\count311
\c@lofdepth=\count312
\cftbeforefigureskip=\skip186
\cftfigureindent=\skip187
\cftfigurenumwidth=\skip188
\c@table=\count313
\c@lotdepth=\count314
\cftbeforetableskip=\skip189
\cfttableindent=\skip190
\cfttablenumwidth=\skip191
Package abstract [2008/07/23] emulated by memoir.
Package appendix [2008/07/23] emulated by memoir.
Package ccaption [2008/07/23] emulated by memoir.
Package changepage [2008/07/23] emulated by memoir.
Package chngcntr [2008/07/23] emulated by memoir.
Package chngpage [2008/07/23] emulated by memoir.
Package crop emulated by memoir.
Package enumerate [2008/07/23] emulated by memoir.
Package epigraph [2008/07/23] emulated by memoir.
Package ifmtarg [2008/07/23] emulated by memoir.
Package index [2008/07/23] emulated by memoir.
Package makeidx [2008/07/23] emulated by memoir.
Package moreverb [2008/07/23] emulated by memoir.
Package needspace [2008/07/23] emulated by memoir.
Package newfile [2008/07/23] emulated by memoir.
Package nextpage [2008/07/23] emulated by memoir.
Package pagenote [2008/07/23] emulated by memoir.
Package parskip [2008/07/23] emulated by memoir.
Package patchcmd [2008/07/23] emulated by memoir.
Package setspace [2008/07/23] emulated by memoir.
Package shortvrb [2008/07/23] emulated by memoir.
Package showidx [2008/07/23] emulated by memoir.
Package titleref [2008/07/23] emulated by memoir.
Package titling [2008/07/23] emulated by memoir.
Package tocbibind [2008/07/23] emulated by memoir.
Package tocloft [2008/07/23] emulated by memoir.
Package tocvsec2 [2008/07/23] emulated by memoir.
Package verbatim [2008/07/23] emulated by memoir.
Package verse [2008/07/23] emulated by memoir.
) (C:\Users\jesus\AppData\Local\Programs\MiKTeX\tex/latex/kotex-oblivoir/memhangul-ucs\memhangul-ucs.sty
Package: memhangul-ucs 2014/06/12UCS Hangul Package for memoir class

memhangul-ucs v1.7.7 2014/06/12
(C:\Users\jesus\AppData\Local\Programs\MiKTeX\tex/latex/kotex-utf\dhucs.sty
Package: dhucs 2015/08/21 v5.4 typesetting UTF-8 Korean documents
 (C:\Users\jesus\AppData\Local\Programs\MiKTeX\tex/latex/kotex-utf\kotexutf.sty
Package: kotexutf 2022/06/22 v3.0.0 typesetting UTF-8 Korean documents
 (C:\Users\jesus\AppData\Local\Programs\MiKTeX\tex/latex/base\inputenc.sty
Package: inputenc 2021/02/14 v1.3d Input encoding file
\inpenc@prehook=\toks27
\inpenc@posthook=\toks28
) (C:\Users\jesus\AppData\Local\Programs\MiKTeX\tex/plain/kotex-plain\kotexutf-core.tex
\unih@ngulpoint=\count315
\dhucs@emph@raise=\dimen185
)
Now handling font encoding LUC ...
... processing UTF-8 mapping file for font encoding LUC
 (C:\Users\jesus\AppData\Local\Programs\MiKTeX\tex/latex/kotex-utf\lucenc.dfu
File: lucenc.dfu 2007/09/05 UTF-8 support for dhucs
   defining Unicode char U+00B7 (decimal 183)
   defining Unicode char U+2018 (decimal 8216)
   defining Unicode char U+2019 (decimal 8217)
   defining Unicode char U+201C (decimal 8220)
   defining Unicode char U+201D (decimal 8221)
   defining Unicode char U+3001 (decimal 12289)
   defining Unicode char U+3002 (decimal 12290)
   defining Unicode char U+3008 (decimal 12296)
   defining Unicode char U+3009 (decimal 12297)
   defining Unicode char U+300A (decimal 12298)
   defining Unicode char U+300B (decimal 12299)
   defining Unicode char U+300C (decimal 12300)
   defining Unicode char U+300D (decimal 12301)
   defining Unicode char U+300E (decimal 12302)
   defining Unicode char U+300F (decimal 12303)
   defining Unicode char U+3010 (decimal 12304)
   defining Unicode char U+3011 (decimal 12305)
   defining Unicode char U+3014 (decimal 12308)
   defining Unicode char U+3015 (decimal 12309)
   defining Unicode char U+3016 (decimal 12310)
   defining Unicode char U+3017 (decimal 12311)
   defining Unicode char U+3018 (decimal 12312)
   defining Unicode char U+3019 (decimal 12313)
   defining Unicode char U+301A (decimal 12314)
   defining Unicode char U+301B (decimal 12315)
   defining Unicode char U+FF01 (decimal 65281)
   defining Unicode char U+FF08 (decimal 65288)
   defining Unicode char U+FF09 (decimal 65289)
   defining Unicode char U+FF0C (decimal 65292)
   defining Unicode char U+FF0E (decimal 65294)
   defining Unicode char U+FF1A (decimal 65306)
   defining Unicode char U+FF1B (decimal 65307)
   defining Unicode char U+FF1C (decimal 65308)
   defining Unicode char U+FF1D (decimal 65309)
   defining Unicode char U+FF1E (decimal 65310)
   defining Unicode char U+FF1F (decimal 65311)
   defining Unicode char U+FF3B (decimal 65339)
   defining Unicode char U+FF3D (decimal 65341)
   defining Unicode char U+FF5B (decimal 65371)
   defining Unicode char U+FF5D (decimal 65373)
   defining Unicode char U+FF61 (decimal 65377)
   defining Unicode char U+FF62 (decimal 65378)
   defining Unicode char U+FF63 (decimal 65379)
   defining Unicode char U+FF64 (decimal 65380)
   defining Unicode char U+FF65 (decimal 65381)
)
\@josa=\count316
\josatoks=\toks29
 (C:\Users\jesus\AppData\Local\Programs\MiKTeX\tex/latex/cjk-ko\kolabels-utf.sty
Package: kolabels-utf 2015/03/20 v1.5 UTF-8 Hangul item labels
)))
\memh@hu=\dimen186
\t@nch@ars=\skip192
\tmp@XXbox=\box57
\tmp@XXdim=\dimen187
 (C:\Users\jesus\AppData\Local\Programs\MiKTeX\tex/latex/kotex-oblivoir/memhangul-common\memhangul-common.sty
Package: memhangul-common 2022/11/04
\togetheightoffont=\box58
\htoffnt=\skip193
\divnoteskip=\skip194
 (C:\Users\jesus\AppData\Local\Programs\MiKTeX\tex/latex/kotex-oblivoir/memhangul-common\memhangul-patch.sty) (C:\Users\jesus\AppData\Local\Programs\MiKTeX\tex/generic/hologo\hologo.sty
Package: hologo 2021-11-16 v1.15 A logo collection with bookmark support (HO)
 (C:\Users\jesus\AppData\Local\Programs\MiKTeX\tex/generic/kvdefinekeys\kvdefinekeys.sty
Package: kvdefinekeys 2019-12-19 v1.6 Define keys (HO)
) (C:\Users\jesus\AppData\Local\Programs\MiKTeX\tex/generic/pdftexcmds\pdftexcmds.sty
Package: pdftexcmds 2020-06-27 v0.33 Utility functions of pdfTeX for LuaTeX (HO)
Package pdftexcmds Info: \pdf@primitive is available.
Package pdftexcmds Info: \pdf@ifprimitive is available.
Package pdftexcmds Info: \pdfdraftmode found.
)
Package hologo Info: Using driver `pdftex'.
)
\pghgheadwidth=\dimen188
\c@APPchapter=\count317
\c@APPsection=\count318
\c@APPsubsection=\count319
\memucsadjustwidthtopsep=\dimen189
) (C:\Users\jesus\AppData\Local\Programs\MiKTeX\tex/latex/kotex-oblivoir/memhangul-ucs\memucs-interword.sty
Package: memucs-interword 2007/09/22
\BASE@FONTsize=\dimen190
\ORIG@spaceskip=\skip195
) (C:\Users\jesus\AppData\Local\Programs\MiKTeX\tex/latex/kotex-oblivoir/memhangul-common\memucs-setspace.sty
Package: memucs-setspace 2021/03/03 6.7-mu9 Contributed and Supported LaTeX2e package

Package: `memucs-setspace', a modified version of `setspace', 6.7-mu9 <2021/03/03>
)
   defining Unicode char U+00BC (decimal 188)
   defining Unicode char U+00BD (decimal 189)
   defining Unicode char U+00BE (decimal 190)
   defining Unicode char U+02D0 (decimal 720)
   defining Unicode char U+2025 (decimal 8229)
   defining Unicode char U+2026 (decimal 8230)
   defining Unicode char U+2015 (decimal 8213)
   defining Unicode char U+2312 (decimal 8978)
\raisedotdim=\dimen191
\dhucs@emph@width=\dimen192
\useremphraisedim=\dimen193
\tmp_user_emph_dim=\dimen194
) (C:\Users\jesus\AppData\Local\Programs\MiKTeX\tex/latex/kotex-oblivoir/memhangul-ucs\nanumfontsel.sty
Package: nanumfontsel 
) (C:\Users\jesus\AppData\Local\Programs\MiKTeX\tex/generic/pdftex\glyphtounicode.tex) (C:\Users\jesus\AppData\Local\Programs\MiKTeX\tex/latex/kotex-utf/contrib\dhucs-cmap.sty
Package: dhucs-cmap 2021/03/01 searchable PDF for dhucs upon pdftex
)
\ob@hu=\dimen195
 (C:\Users\jesus\AppData\Local\Programs\MiKTeX\tex/latex/hyperref\hyperref.sty
Package: hyperref 2023-11-26 v7.01g Hypertext links for LaTeX
 (C:\Users\jesus\AppData\Local\Programs\MiKTeX\tex/generic/pdfescape\pdfescape.sty
Package: pdfescape 2019/12/09 v1.15 Implements pdfTeX's escape features (HO)
) (C:\Users\jesus\AppData\Local\Programs\MiKTeX\tex/latex/hycolor\hycolor.sty
Package: hycolor 2020-01-27 v1.10 Color options for hyperref/bookmark (HO)
) (C:\Users\jesus\AppData\Local\Programs\MiKTeX\tex/latex/letltxmacro\letltxmacro.sty
Package: letltxmacro 2019/12/03 v1.6 Let assignment for LaTeX macros (HO)
) (C:\Users\jesus\AppData\Local\Programs\MiKTeX\tex/latex/auxhook\auxhook.sty
Package: auxhook 2019-12-17 v1.6 Hooks for auxiliary files (HO)
)
\@linkdim=\dimen196
\Hy@linkcounter=\count320
\Hy@pagecounter=\count321
 (C:\Users\jesus\AppData\Local\Programs\MiKTeX\tex/latex/hyperref\pd1enc.def
File: pd1enc.def 2023-11-26 v7.01g Hyperref: PDFDocEncoding definition (HO)
Now handling font encoding PD1 ...
... no UTF-8 mapping file for font encoding PD1
) (C:\Users\jesus\AppData\Local\Programs\MiKTeX\tex/generic/intcalc\intcalc.sty
Package: intcalc 2019/12/15 v1.3 Expandable calculations with integers (HO)
)
\Hy@SavedSpaceFactor=\count322
 (C:\Users\jesus\AppData\Local\Programs\MiKTeX\tex/latex/hyperref\puenc.def
File: puenc.def 2023-11-26 v7.01g Hyperref: PDF Unicode definition (HO)
Now handling font encoding PU ...
... no UTF-8 mapping file for font encoding PU
)
Package hyperref Info: Option `unicode' set `true' on input line 4064.
Package hyperref Info: Hyper figures OFF on input line 4181.
Package hyperref Info: Link nesting OFF on input line 4186.
Package hyperref Info: Hyper index ON on input line 4189.
Package hyperref Info: Plain pages OFF on input line 4196.
Package hyperref Info: Backreferencing OFF on input line 4201.
Package hyperref Info: Implicit mode ON; LaTeX internals redefined.
Package hyperref Info: Bookmarks ON on input line 4448.
\c@Hy@tempcnt=\count323
 (C:\Users\jesus\AppData\Local\Programs\MiKTeX\tex/latex/url\url.sty
\Urlmuskip=\muskip16
Package: url 2013/09/16  ver 3.4  Verb mode for urls, etc.
)
LaTeX Info: Redefining \url on input line 4786.
\XeTeXLinkMargin=\dimen197
 (C:\Users\jesus\AppData\Local\Programs\MiKTeX\tex/generic/bitset\bitset.sty
Package: bitset 2019/12/09 v1.3 Handle bit-vector datatype (HO)
 (C:\Users\jesus\AppData\Local\Programs\MiKTeX\tex/generic/bigintcalc\bigintcalc.sty
Package: bigintcalc 2019/12/15 v1.5 Expandable calculations on big integers (HO)
))
\Fld@menulength=\count324
\Field@Width=\dimen198
\Fld@charsize=\dimen199
Package hyperref Info: Hyper figures OFF on input line 6065.
Package hyperref Info: Link nesting OFF on input line 6070.
Package hyperref Info: Hyper index ON on input line 6073.
Package hyperref Info: backreferencing OFF on input line 6080.
Package hyperref Info: Link coloring OFF on input line 6085.
Package hyperref Info: Link coloring with OCG OFF on input line 6090.
Package hyperref Info: PDF/A mode OFF on input line 6095.
 (C:\Users\jesus\AppData\Local\Programs\MiKTeX\tex/latex/base\atbegshi-ltx.sty
Package: atbegshi-ltx 2021/01/10 v1.0c Emulation of the original atbegshi
package with kernel methods
)
\Hy@abspage=\count325
\c@Item=\count326
\c@Hfootnote=\count327
)
Package hyperref Info: Driver: hpdftex.
 (C:\Users\jesus\AppData\Local\Programs\MiKTeX\tex/latex/hyperref\hpdftex.def
File: hpdftex.def 2023-11-26 v7.01g Hyperref driver for pdfTeX
 (C:\Users\jesus\AppData\Local\Programs\MiKTeX\tex/latex/base\atveryend-ltx.sty
Package: atveryend-ltx 2020/08/19 v1.0a Emulation of the original atveryend package
with kernel methods
)
\Fld@listcount=\count328
\c@bookmark@seq@number=\count329
 (C:\Users\jesus\AppData\Local\Programs\MiKTeX\tex/latex/rerunfilecheck\rerunfilecheck.sty
Package: rerunfilecheck 2022-07-10 v1.10 Rerun checks for auxiliary files (HO)
 (C:\Users\jesus\AppData\Local\Programs\MiKTeX\tex/generic/uniquecounter\uniquecounter.sty
Package: uniquecounter 2019/12/15 v1.4 Provide unlimited unique counter (HO)
)
Package uniquecounter Info: New unique counter `rerunfilecheck' on input line 285.
)
\Hy@SectionHShift=\skip196
) (C:\Users\jesus\AppData\Local\Programs\MiKTeX\tex/latex/memoir\memhfixc.sty
Package: memhfixc 2023/07/28 v1.21 hyperref package fixes for memoir class
\c@memhycontfloat=\count330
\c@Hpagenote=\count331
)
\@ensp=\skip197
 (C:\Users\jesus\AppData\Local\Programs\MiKTeX\tex/latex/kotex-oblivoir/memhangul-common\ob-toclof.sty) (C:\Users\jesus\AppData\Local\Programs\MiKTeX\tex/latex/kotex-oblivoir/memhangul-common\ob-koreanappendix.sty))
HANGUL DRIVER: kotex-utf
) (C:\Users\jesus\AppData\Local\Programs\MiKTeX\tex/latex/amsfonts\amssymb.sty
Package: amssymb 2013/01/14 v3.01 AMS font symbols
 (C:\Users\jesus\AppData\Local\Programs\MiKTeX\tex/latex/amsfonts\amsfonts.sty
Package: amsfonts 2013/01/14 v3.01 Basic AMSFonts support
\@emptytoks=\toks30
\symAMSa=\mathgroup4
\symAMSb=\mathgroup5
LaTeX Font Info:    Redeclaring math symbol \hbar on input line 98.
LaTeX Font Info:    Overwriting math alphabet `\mathfrak' in version `bold'
(Font)                  U/euf/m/n --> U/euf/b/n on input line 106.
)) (C:\Users\jesus\AppData\Local\Programs\MiKTeX\tex/latex/amsmath\amsmath.sty
Package: amsmath 2023/05/13 v2.17o AMS math features
\@mathmargin=\skip198

For additional information on amsmath, use the `?' option.
(C:\Users\jesus\AppData\Local\Programs\MiKTeX\tex/latex/amsmath\amstext.sty
Package: amstext 2021/08/26 v2.01 AMS text
 (C:\Users\jesus\AppData\Local\Programs\MiKTeX\tex/latex/amsmath\amsgen.sty
File: amsgen.sty 1999/11/30 v2.0 generic functions
\@emptytoks=\toks31
\ex@=\dimen256
)) (C:\Users\jesus\AppData\Local\Programs\MiKTeX\tex/latex/amsmath\amsbsy.sty
Package: amsbsy 1999/11/29 v1.2d Bold Symbols
\pmbraise@=\dimen257
) (C:\Users\jesus\AppData\Local\Programs\MiKTeX\tex/latex/amsmath\amsopn.sty
Package: amsopn 2022/04/08 v2.04 operator names
)
\inf@bad=\count332
LaTeX Info: Redefining \frac on input line 234.
\uproot@=\count333
\leftroot@=\count334
LaTeX Info: Redefining \overline on input line 399.
LaTeX Info: Redefining \colon on input line 410.
\classnum@=\count335
\DOTSCASE@=\count336
LaTeX Info: Redefining \ldots on input line 496.
LaTeX Info: Redefining \dots on input line 499.
LaTeX Info: Redefining \cdots on input line 620.
\Mathstrutbox@=\box59
\strutbox@=\box60
LaTeX Info: Redefining \big on input line 722.
LaTeX Info: Redefining \Big on input line 723.
LaTeX Info: Redefining \bigg on input line 724.
LaTeX Info: Redefining \Bigg on input line 725.
\big@size=\dimen258
LaTeX Font Info:    Redeclaring font encoding OML on input line 743.
LaTeX Font Info:    Redeclaring font encoding OMS on input line 744.
\macc@depth=\count337
LaTeX Info: Redefining \bmod on input line 905.
LaTeX Info: Redefining \pmod on input line 910.
LaTeX Info: Redefining \smash on input line 940.
LaTeX Info: Redefining \relbar on input line 970.
LaTeX Info: Redefining \Relbar on input line 971.
\c@MaxMatrixCols=\count338
\dotsspace@=\muskip17
\c@parentequation=\count339
\dspbrk@lvl=\count340
\tag@help=\toks32
\row@=\count341
\column@=\count342
\maxfields@=\count343
\andhelp@=\toks33
\eqnshift@=\dimen259
\alignsep@=\dimen260
\tagshift@=\dimen261
\tagwidth@=\dimen262
\totwidth@=\dimen263
\lineht@=\dimen264
\@envbody=\toks34
\multlinegap=\skip199
\multlinetaggap=\skip256
\mathdisplay@stack=\toks35
LaTeX Info: Redefining \[ on input line 2953.
LaTeX Info: Redefining \] on input line 2954.
) (C:\Users\jesus\AppData\Local\Programs\MiKTeX\tex/latex/geometry\geometry.sty
Package: geometry 2020/01/02 v5.9 Page Geometry
 (C:\Users\jesus\AppData\Local\Programs\MiKTeX\tex/generic/iftex\ifvtex.sty
Package: ifvtex 2019/10/25 v1.7 ifvtex legacy package. Use iftex instead.
)
\Gm@cnth=\count344
\Gm@cntv=\count345
\c@Gm@tempcnt=\count346
\Gm@bindingoffset=\dimen265
\Gm@wd@mp=\dimen266
\Gm@odd@mp=\dimen267
\Gm@even@mp=\dimen268
\Gm@layoutwidth=\dimen269
\Gm@layoutheight=\dimen270
\Gm@layouthoffset=\dimen271
\Gm@layoutvoffset=\dimen272
\Gm@dimlist=\toks36
 (C:\Users\jesus\AppData\Local\Programs\MiKTeX\tex/latex/geometry\geometry.cfg)) (C:\Users\jesus\AppData\Local\Programs\MiKTeX\tex/latex/cjk-ko\kotex.sty
Package: kotex 2015/04/19 v1.6 Korean TeX (ko.TeX)
 (C:\Users\jesus\AppData\Local\Programs\MiKTeX\tex/latex/kotex-utf\kotex.cfg)) (LA_SOL.aux)
\openout1 = `LA_SOL.aux'.

LaTeX Font Info:    Checking defaults for OML/cmm/m/it on input line 10.
LaTeX Font Info:    ... okay on input line 10.
LaTeX Font Info:    Checking defaults for OMS/cmsy/m/n on input line 10.
LaTeX Font Info:    ... okay on input line 10.
LaTeX Font Info:    Checking defaults for OT1/cmr/m/n on input line 10.
LaTeX Font Info:    ... okay on input line 10.
LaTeX Font Info:    Checking defaults for T1/cmr/m/n on input line 10.
LaTeX Font Info:    ... okay on input line 10.
LaTeX Font Info:    Checking defaults for TS1/cmr/m/n on input line 10.
LaTeX Font Info:    ... okay on input line 10.
LaTeX Font Info:    Checking defaults for OMX/cmex/m/n on input line 10.
LaTeX Font Info:    ... okay on input line 10.
LaTeX Font Info:    Checking defaults for U/cmr/m/n on input line 10.
LaTeX Font Info:    ... okay on input line 10.
LaTeX Font Info:    Checking defaults for LUC/nanummj/m/n on input line 10.
LaTeX Font Info:    Trying to load font information for LUC+nanummj on input line 10.
 (C:\Users\jesus\AppData\Local\Programs\MiKTeX\tex/latex/nanumtype1\lucnanummj.fd
File: lucnanummj.fd 2013/02/12 v0.1 Nanum Myeongjo font definitions
)
LaTeX Font Info:    ... okay on input line 10.
LaTeX Font Info:    Checking defaults for PD1/pdf/m/n on input line 10.
LaTeX Font Info:    ... okay on input line 10.
LaTeX Font Info:    Checking defaults for PU/pdf/m/n on input line 10.
LaTeX Font Info:    ... okay on input line 10.
   defining Unicode char U+00B7 (decimal 183)
 (C:\Users\jesus\AppData\Local\Programs\MiKTeX\tex/latex/kotex-oblivoir/memhangul-ucs\memucs-gremph.sty
Package: memucs-gremph 
LaTeX Info: Redefining \itshape on input line 74.
LaTeX Info: Redefining \slshape on input line 78.
)
Package hyperref Info: Link coloring OFF on input line 10.
 (LA_SOL.out) (LA_SOL.out)
\@outlinefile=\write4
\openout4 = `LA_SOL.out'.


*geometry* driver: auto-detecting
*geometry* detected driver: pdftex
*geometry* verbose mode - [ preamble ] result:
* driver: pdftex
* paper: <default>
* layout: <same size as paper>
* layoutoffset:(h,v)=(0.0pt,0.0pt)
* modes: 
* h-part:(L,W,R)=(92.14519pt, 430.00462pt, 92.14519pt)
* v-part:(T,H,B)=(95.39737pt, 556.47656pt, 143.09605pt)
* \paperwidth=614.295pt
* \paperheight=794.96999pt
* \textwidth=430.00462pt
* \textheight=556.47656pt
* \oddsidemargin=19.8752pt
* \evensidemargin=19.8752pt
* \topmargin=-6.94011pt
* \headheight=12.0pt
* \headsep=18.06749pt
* \topskip=10.0pt
* \footskip=25.29494pt
* \marginparwidth=71.0pt
* \marginparsep=7.0pt
* \columnsep=10.0pt
* \skip\footins=15.60004pt
* \hoffset=0.0pt
* \voffset=0.0pt
* \mag=1000
* \@twocolumnfalse
* \@twosidefalse
* \@mparswitchfalse
* \@reversemarginfalse
* (1in=72.27pt=25.4mm, 1cm=28.453pt)

LaTeX Font Info:    Trying to load font information for U+msa on input line 12.
(C:\Users\jesus\AppData\Local\Programs\MiKTeX\tex/latex/amsfonts\umsa.fd
File: umsa.fd 2013/01/14 v3.01 AMS symbols A
)
LaTeX Font Info:    Trying to load font information for U+msb on input line 12.
 (C:\Users\jesus\AppData\Local\Programs\MiKTeX\tex/latex/amsfonts\umsb.fd
File: umsb.fd 2013/01/14 v3.01 AMS symbols B
) [1

{C:/Users/jesus/AppData/Local/MiKTeX/fonts/map/pdftex/pdftex.map}]
LaTeX Font Info:    Trying to load font information for LUC+uhcmj on input line 27.
 (C:\Users\jesus\AppData\Local\Programs\MiKTeX\tex/latex/kotex-utf\lucuhcmj.fd
File: lucuhcmj.fd 2013/09/26 UHC Myeongjo font definitions
) [2] (LA_SOL.toc [3]) [4] [5] [6]
Overfull \hbox (2.57246pt too wide) in paragraph at lines 85--89
\LUC/nanummj/m/n/10/bc ^^X\LUC/nanummj/m/n/10/b8 @\OT1/cmr/m/n/10 : $\OML/cmm/m/it/10 f$ \LUC/nanummj/m/n/10/ac ^^@ \OT1/cmr/m/n/10 lin-ear \LUC/nanummj/m/n/10/d5 X\LUC/nanummj/m/n/10/b2 ä\LUC/nanummj/m/n/10/ba t $\OML/cmm/m/it/10 f\OT1/cmr/m/n/10 (\OMS/cmsy/m/n/10 ^^@\OT1/cmr/m/n/10 2\OML/cmm/m/it/10 ; \OT1/cmr/m/n/10 0\OML/cmm/m/it/10 ; \OT1/cmr/m/n/10 1) = \OML/cmm/m/it/10 f\OT1/cmr/m/n/10 (\OMS/cmsy/m/n/10 ^^@\OT1/cmr/m/n/10 1\OML/cmm/m/it/10 ; \OT1/cmr/m/n/10 0\OML/cmm/m/it/10 ; \OT1/cmr/m/n/10 1) + \OML/cmm/m/it/10 f\OT1/cmr/m/n/10 (\OMS/cmsy/m/n/10 ^^@\OT1/cmr/m/n/10 1\OML/cmm/m/it/10 ; \OT1/cmr/m/n/10 0\OML/cmm/m/it/10 ; \OT1/cmr/m/n/10 1)$ \LUC/nanummj/m/n/10/c7 t\LUC/nanummj/m/n/10/c5 ´| \LUC/nanummj/m/n/10/d5 \\LUC/nanummj/m/n/10/b2 ä[] \LUC/nanummj/m/n/10/ad ø\LUC/nanummj/m/n/10/b7 ì\LUC/nanummj/m/n/10/b0 ˜ $\OT1/cmr/m/n/10 (\OML/cmm/m/it/10 LHS\OT1/cmr/m/n/10 ) =
 []

[7] [8] [9] [10] [11] [12] [13]
Overfull \hbox (126.24925pt too wide) in paragraph at lines 242--244
\LUC/nanummj/m/n/10/c7 t\LUC/nanummj/m/n/10/ac à\OT1/cmr/m/n/10 , \LUC/nanummj/m/n/10/bd ˆ\LUC/nanummj/m/n/10/d5 D\LUC/nanummj/m/n/10/c6 ”\LUC/nanummj/m/n/10/d5 \ \LUC/nanummj/m/n/10/ac Ä\LUC/nanummj/m/n/10/c0 °\LUC/nanummj/m/n/10/c7 D \LUC/nanummj/m/n/10/c9 ^^D\LUC/nanummj/m/n/10/c7 t\LUC/nanummj/m/n/10/ae 0 \LUC/nanummj/m/n/10/c7 ^^D\LUC/nanummj/m/n/10/d5 t \OT1/cmr/m/n/10 1 \LUC/nanummj/m/n/10/d5 ‰ \OT1/cmr/m/n/10 1 \LUC/nanummj/m/n/10/c5 ô\LUC/nanummj/m/n/10/c7 X \LUC/nanummj/m/n/10/c6 Ð\LUC/nanummj/m/n/10/c1 Œ\LUC/nanummj/m/n/10/b9 Ì \LUC/nanummj/m/n/10/d6 U\LUC/nanummj/m/n/10/c7 x\LUC/nanummj/m/n/10/d5 X\LUC/nanummj/m/n/10/ba t $\OT1/cmr/m/n/10 ([\OML/cmm/m/it/10 T\OT1/cmr/m/n/10 ][][\OML/cmm/m/it/10 T\OT1/cmr/m/n/10 ][])[] = []$
 []

[14] [15] [16]
\tf@toc=\write5
\openout5 = `LA_SOL.toc'.

 (LA_SOL.aux)
 ***********
LaTeX2e <2023-11-01>
L3 programming layer <2020/03/25>
 ***********
Package rerunfilecheck Info: File `LA_SOL.out' has not changed.
(rerunfilecheck)             Checksum: 2E3ACE59550C46299DFF77FEB2F3E27F;7169.
 ) 
Here is how much of TeX's memory you used:
 15230 strings out of 474486
 240948 string characters out of 5743755
 1948528 words of memory out of 5000000
 36986 multiletter control sequences out of 15000+600000
 598046 words of font info for 175 fonts, out of 8000000 for 9000
 1141 hyphenation exceptions out of 8191
 112i,15n,121p,1079b,708s stack positions out of 10000i,1000n,20000p,200000b,200000s
 <C:\Users\jesus\AppData\Local\MiKTeX\fonts/pk/ljfour/jknappen/ec/dpi600\tcrm1000.pk><C:/Users/jesus/AppData/Local/Programs/MiKTeX/fonts/type1/public/amsfonts/cm/cmbx10.pfb><C:/Users/jesus/AppData/Local/Programs/MiKTeX/fonts/type1/public/amsfonts/cm/cmbx12.pfb><C:/Users/jesus/AppData/Local/Programs/MiKTeX/fonts/type1/public/amsfonts/cm/cmex10.pfb><C:/Users/jesus/AppData/Local/Programs/MiKTeX/fonts/type1/public/amsfonts/cm/cmmi10.pfb><C:/Users/jesus/AppData/Local/Programs/MiKTeX/fonts/type1/public/amsfonts/cm/cmmi7.pfb><C:/Users/jesus/AppData/Local/Programs/MiKTeX/fonts/type1/public/amsfonts/cm/cmr10.pfb><C:/Users/jesus/AppData/Local/Programs/MiKTeX/fonts/type1/public/amsfonts/cm/cmr12.pfb><C:/Users/jesus/AppData/Local/Programs/MiKTeX/fonts/type1/public/amsfonts/cm/cmr7.pfb><C:/Users/jesus/AppData/Local/Programs/MiKTeX/fonts/type1/public/amsfonts/cm/cmsy10.pfb><C:/Users/jesus/AppData/Local/Programs/MiKTeX/fonts/type1/public/amsfonts/cm/cmsy5.pfb><C:/Users/jesus/AppData/Local/Programs/MiKTeX/fonts/type1/public/amsfonts/cm/cmsy7.pfb><C:/Users/jesus/AppData/Local/Programs/MiKTeX/fonts/type1/public/amsfonts/symbols/msam10.pfb><C:/Users/jesus/AppData/Local/Programs/MiKTeX/fonts/type1/public/amsfonts/symbols/msbm10.pfb><C:/Users/jesus/AppData/Local/Programs/MiKTeX/fonts/type1/public/nanumtype1/nanummjbac.pfb><C:/Users/jesus/AppData/Local/Programs/MiKTeX/fonts/type1/public/nanumtype1/nanummjbad.pfb><C:/Users/jesus/AppData/Local/Programs/MiKTeX/fonts/type1/public/nanumtype1/nanummjbae.pfb><C:/Users/jesus/AppData/Local/Programs/MiKTeX/fonts/type1/public/nanumtype1/nanummjbb0.pfb><C:/Users/jesus/AppData/Local/Programs/MiKTeX/fonts/type1/public/nanumtype1/nanummjbb1.pfb><C:/Users/jesus/AppData/Local/Programs/MiKTeX/fonts/type1/public/nanumtype1/nanummjbb2.pfb><C:/Users/jesus/AppData/Local/Programs/MiKTeX/fonts/type1/public/nanumtype1/nanummjbb3.pfb><C:/Users/jesus/AppData/Local/Programs/MiKTeX/fonts/type1/public/nanumtype1/nanummjbb4.pfb><C:/Users/jesus/AppData/Local/Programs/MiKTeX/fonts/type1/public/nanumtype1/nanummjbb7.pfb><C:/Users/jesus/AppData/Local/Programs/MiKTeX/fonts/type1/public/nanumtype1/nanummjbb8.pfb><C:/Users/jesus/AppData/Local/Programs/MiKTeX/fonts/type1/public/nanumtype1/nanummjbb9.pfb><C:/Users/jesus/AppData/Local/Programs/MiKTeX/fonts/type1/public/nanumtype1/nanummjbba.pfb><C:/Users/jesus/AppData/Local/Programs/MiKTeX/fonts/type1/public/nanumtype1/nanummjbbb.pfb><C:/Users/jesus/AppData/Local/Programs/MiKTeX/fonts/type1/public/nanumtype1/nanummjbbc.pfb><C:/Users/jesus/AppData/Local/Programs/MiKTeX/fonts/type1/public/nanumtype1/nanummjbbd.pfb><C:/Users/jesus/AppData/Local/Programs/MiKTeX/fonts/type1/public/nanumtype1/nanummjbc0.pfb><C:/Users/jesus/AppData/Local/Programs/MiKTeX/fonts/type1/public/nanumtype1/nanummjbc1.pfb><C:/Users/jesus/AppData/Local/Programs/MiKTeX/fonts/type1/public/nanumtype1/nanummjbc2.pfb><C:/Users/jesus/AppData/Local/Programs/MiKTeX/fonts/type1/public/nanumtype1/nanummjbc3.pfb><C:/Users/jesus/AppData/Local/Programs/MiKTeX/fonts/type1/public/nanumtype1/nanummjbc5.pfb><C:/Users/jesus/AppData/Local/Programs/MiKTeX/fonts/type1/public/nanumtype1/nanummjbc6.pfb><C:/Users/jesus/AppData/Local/Programs/MiKTeX/fonts/type1/public/nanumtype1/nanummjbc7.pfb><C:/Users/jesus/AppData/Local/Programs/MiKTeX/fonts/type1/public/nanumtype1/nanummjbc8.pfb><C:/Users/jesus/AppData/Local/Programs/MiKTeX/fonts/type1/public/nanumtype1/nanummjbc9.pfb><C:/Users/jesus/AppData/Local/Programs/MiKTeX/fonts/type1/public/nanumtype1/nanummjbcc.pfb><C:/Users/jesus/AppData/Local/Programs/MiKTeX/fonts/type1/public/nanumtype1/nanummjbcd.pfb><C:/Users/jesus/AppData/Local/Programs/MiKTeX/fonts/type1/public/nanumtype1/nanummjbce.pfb><C:/Users/jesus/AppData/Local/Programs/MiKTeX/fonts/type1/public/nanumtype1/nanummjbcf.pfb><C:/Users/jesus/AppData/Local/Programs/MiKTeX/fonts/type1/public/nanumtype1/nanummjbd0.pfb><C:/Users/jesus/AppData/Local/Programs/MiKTeX/fonts/type1/public/nanumtype1/nanummjbd1.pfb><C:/Users/jesus/AppData/Local/Programs/MiKTeX/fonts/type1/public/nanumtype1/nanummjbd2.pfb><C:/Users/jesus/AppData/Local/Programs/MiKTeX/fonts/type1/public/nanumtype1/nanummjbd3.pfb><C:/Users/jesus/AppData/Local/Programs/MiKTeX/fonts/type1/public/nanumtype1/nanummjbd4.pfb><C:/Users/jesus/AppData/Local/Programs/MiKTeX/fonts/type1/public/nanumtype1/nanummjbd5.pfb><C:/Users/jesus/AppData/Local/Programs/MiKTeX/fonts/type1/public/nanumtype1/nanummjbd6.pfb><C:/Users/jesus/AppData/Local/Programs/MiKTeX/fonts/type1/public/nanumtype1/nanummjmac.pfb><C:/Users/jesus/AppData/Local/Programs/MiKTeX/fonts/type1/public/nanumtype1/nanummjmad.pfb><C:/Users/jesus/AppData/Local/Programs/MiKTeX/fonts/type1/public/nanumtype1/nanummjmae.pfb><C:/Users/jesus/AppData/Local/Programs/MiKTeX/fonts/type1/public/nanumtype1/nanummjmb0.pfb><C:/Users/jesus/AppData/Local/Programs/MiKTeX/fonts/type1/public/nanumtype1/nanummjmb1.pfb><C:/Users/jesus/AppData/Local/Programs/MiKTeX/fonts/type1/public/nanumtype1/nanummjmb2.pfb><C:/Users/jesus/AppData/Local/Programs/MiKTeX/fonts/type1/public/nanumtype1/nanummjmb3.pfb><C:/Users/jesus/AppData/Local/Programs/MiKTeX/fonts/type1/public/nanumtype1/nanummjmb4.pfb><C:/Users/jesus/AppData/Local/Programs/MiKTeX/fonts/type1/public/nanumtype1/nanummjmb5.pfb><C:/Users/jesus/AppData/Local/Programs/MiKTeX/fonts/type1/public/nanumtype1/nanummjmb6.pfb><C:/Users/jesus/AppData/Local/Programs/MiKTeX/fonts/type1/public/nanumtype1/nanummjmb7.pfb><C:/Users/jesus/AppData/Local/Programs/MiKTeX/fonts/type1/public/nanumtype1/nanummjmb8.pfb><C:/Users/jesus/AppData/Local/Programs/MiKTeX/fonts/type1/public/nanumtype1/nanummjmb9.pfb><C:/Users/jesus/AppData/Local/Programs/MiKTeX/fonts/type1/public/nanumtype1/nanummjmba.pfb><C:/Users/jesus/AppData/Local/Programs/MiKTeX/fonts/type1/public/nanumtype1/nanummjmbb.pfb><C:/Users/jesus/AppData/Local/Programs/MiKTeX/fonts/type1/public/nanumtype1/nanummjmbc.pfb><C:/Users/jesus/AppData/Local/Programs/MiKTeX/fonts/type1/public/nanumtype1/nanummjmbd.pfb><C:/Users/jesus/AppData/Local/Programs/MiKTeX/fonts/type1/public/nanumtype1/nanummjmbe.pfb><C:/Users/jesus/AppData/Local/Programs/MiKTeX/fonts/type1/public/nanumtype1/nanummjmc0.pfb><C:/Users/jesus/AppData/Local/Programs/MiKTeX/fonts/type1/public/nanumtype1/nanummjmc1.pfb><C:/Users/jesus/AppData/Local/Programs/MiKTeX/fonts/type1/public/nanumtype1/nanummjmc2.pfb><C:/Users/jesus/AppData/Local/Programs/MiKTeX/fonts/type1/public/nanumtype1/nanummjmc3.pfb><C:/Users/jesus/AppData/Local/Programs/MiKTeX/fonts/type1/public/nanumtype1/nanummjmc4.pfb><C:/Users/jesus/AppData/Local/Programs/MiKTeX/fonts/type1/public/nanumtype1/nanummjmc5.pfb><C:/Users/jesus/AppData/Local/Programs/MiKTeX/fonts/type1/public/nanumtype1/nanummjmc6.pfb><C:/Users/jesus/AppData/Local/Programs/MiKTeX/fonts/type1/public/nanumtype1/nanummjmc7.pfb><C:/Users/jesus/AppData/Local/Programs/MiKTeX/fonts/type1/public/nanumtype1/nanummjmc8.pfb><C:/Users/jesus/AppData/Local/Programs/MiKTeX/fonts/type1/public/nanumtype1/nanummjmc9.pfb><C:/Users/jesus/AppData/Local/Programs/MiKTeX/fonts/type1/public/nanumtype1/nanummjmcc.pfb><C:/Users/jesus/AppData/Local/Programs/MiKTeX/fonts/type1/public/nanumtype1/nanummjmcd.pfb><C:/Users/jesus/AppData/Local/Programs/MiKTeX/fonts/type1/public/nanumtype1/nanummjmce.pfb><C:/Users/jesus/AppData/Local/Programs/MiKTeX/fonts/type1/public/nanumtype1/nanummjmcf.pfb><C:/Users/jesus/AppData/Local/Programs/MiKTeX/fonts/type1/public/nanumtype1/nanummjmd0.pfb><C:/Users/jesus/AppData/Local/Programs/MiKTeX/fonts/type1/public/nanumtype1/nanummjmd1.pfb><C:/Users/jesus/AppData/Local/Programs/MiKTeX/fonts/type1/public/nanumtype1/nanummjmd2.pfb><C:/Users/jesus/AppData/Local/Programs/MiKTeX/fonts/type1/public/nanumtype1/nanummjmd3.pfb><C:/Users/jesus/AppData/Local/Programs/MiKTeX/fonts/type1/public/nanumtype1/nanummjmd4.pfb><C:/Users/jesus/AppData/Local/Programs/MiKTeX/fonts/type1/public/nanumtype1/nanummjmd5.pfb><C:/Users/jesus/AppData/Local/Programs/MiKTeX/fonts/type1/public/nanumtype1/nanummjmd6.pfb><C:/Users/jesus/AppData/Local/Programs/MiKTeX/fonts/type1/public/nanumtype1/nanummjmd7.pfb><C:/Users/jesus/AppData/Local/Programs/MiKTeX/fonts/type1/uhc/umj/umj02.pfb>
Output written on LA_SOL.pdf (16 pages, 3558345 bytes).
PDF statistics:
 836 PDF objects out of 1000 (max. 8388607)
 133 named destinations out of 1000 (max. 500000)
 565 words of extra memory for PDF output out of 10000 (max. 10000000)

