\BOOKMARK [1][-]{section*.2}{\376\377\314\050\000\040\270\100}{}% 1
\BOOKMARK [1][-]{section.0.1}{\376\377\274\241\321\060\254\365\254\004}{}% 2
\BOOKMARK [2][-]{subsection.0.1.1}{\376\377\254\034\270\140}{section.0.1}% 3
\BOOKMARK [2][-]{subsection.0.1.2}{\376\377\274\241\321\060\254\365\254\004}{section.0.1}% 4
\BOOKMARK [2][-]{subsection.0.1.3}{\376\377\275\200\275\204\254\365\254\004}{section.0.1}% 5
\BOOKMARK [2][-]{subsection.0.1.4}{\376\377\307\174\314\050\254\260\325\151\254\374\000\040\305\360\271\275\307\174\314\050\274\051\310\025\302\335}{section.0.1}% 6
\BOOKMARK [2][-]{subsection.0.1.5}{\376\377\307\174\314\050\310\205\301\215\254\374\000\040\307\174\314\050\263\305\271\275}{section.0.1}% 7
\BOOKMARK [2][-]{subsection.0.1.6}{\376\377\256\060\310\000\306\100\000\040\314\050\306\320}{section.0.1}% 8
\BOOKMARK [2][-]{subsection.0.1.7}{\376\377\307\174\314\050\263\305\271\275\307\170\000\040\255\371\263\000\000\040\275\200\275\204\311\321\325\151\000*}{section.0.1}% 9
\BOOKMARK [1][-]{section.0.2}{\376\377\301\040\326\025\274\300\326\130\254\374\000\040\325\211\270\054}{}% 10
\BOOKMARK [2][-]{subsection.0.2.1}{\376\377\301\040\326\025\274\300\326\130\000,\000\040\306\001\254\365\254\004\000,\000\040\300\301\254\365\254\004}{section.0.2}% 11
\BOOKMARK [2][-]{subsection.0.2.2}{\376\377\301\040\326\025\274\300\326\130\307\130\000\040\325\211\270\054\324\134\326\004}{section.0.2}% 12
\BOOKMARK [2][-]{subsection.0.2.3}{\376\377\301\040\326\025\274\300\326\130\307\130\000\040\325\151\301\061\254\374\000\040\325\211\270\054\000\040\254\361}{section.0.2}% 13
\BOOKMARK [2][-]{subsection.0.2.4}{\376\377\254\000\305\355\301\061\254\374\000\040\263\331\326\025\300\254\300\301}{section.0.2}% 14
\BOOKMARK [2][-]{subsection.0.2.5}{\376\377\310\214\324\134\274\300\326\130\000\040\325\211\270\054}{section.0.2}% 15
\BOOKMARK [2][-]{subsection.0.2.6}{\376\377\303\015\263\000\254\365\254\004\000*}{section.0.2}% 16
\BOOKMARK [2][-]{subsection.0.2.7}{\376\377\254\304\302\030\254\000\000\040\300\301\302\030\307\170\000\040\263\331\314\050\000\040\301\040\326\025\000\040\273\370\275\204\274\051\310\025\302\335\000*}{section.0.2}% 17
\BOOKMARK [1][-]{section.0.3}{\376\377\256\060\274\370\325\211\270\054\305\360\300\260\254\374\000\040\305\360\271\275\307\174\314\050\274\051\310\025\302\335}{}% 18
\BOOKMARK [2][-]{subsection.0.3.1}{\376\377\256\060\274\370\325\211\270\054\305\360\300\260\254\374\000\040\256\060\274\370\325\211\270\054}{section.0.3}% 19
\BOOKMARK [2][-]{subsection.0.3.2}{\376\377\325\211\270\054\307\130\000\040\267\255\320\154\306\100\000\040\305\355\325\211\270\054}{section.0.3}% 20
\BOOKMARK [2][-]{subsection.0.3.3}{\376\377\305\360\271\275\307\174\314\050\274\051\310\025\302\335\000\040\000:\000\040\307\164\270\140\310\001\000\040\316\041\272\164}{section.0.3}% 21
\BOOKMARK [2][-]{subsection.0.3.4}{\376\377\305\360\271\275\307\174\314\050\274\051\310\025\302\335\000\040\000:\000\040\254\304\300\260\310\001\000\040\316\041\272\164}{section.0.3}% 22
\BOOKMARK [1][-]{section.0.4}{\376\377\325\211\270\054\302\335}{}% 23
\BOOKMARK [2][-]{subsection.0.4.1}{\376\377\0002\314\050\000\040\310\025\300\254\254\001\325\211\270\054\307\130\000\040\325\211\270\054\302\335}{section.0.4}% 24
\BOOKMARK [2][-]{subsection.0.4.2}{\376\377\000n\314\050\000\040\310\025\300\254\254\001\325\211\270\054\307\130\000\040\325\211\270\054\302\335}{section.0.4}% 25
\BOOKMARK [2][-]{subsection.0.4.3}{\376\377\325\211\270\054\302\335\307\130\000\040\301\061\311\310}{section.0.4}% 26
\BOOKMARK [2][-]{subsection.0.4.4}{\376\377\325\211\270\054\302\335\307\130\000\040\325\165\302\354\000\040\306\224\305\175}{section.0.4}% 27
\BOOKMARK [2][-]{subsection.0.4.5}{\376\377\325\211\270\054\302\335\307\130\000\040\305\304\274\000\325\134\000\040\310\025\307\130\000*}{section.0.4}% 28
\BOOKMARK [1][-]{section.0.5}{\376\377\263\000\254\001\326\124}{}% 29
\BOOKMARK [2][-]{subsection.0.5.1}{\376\377\254\340\307\063\254\022\254\374\000\040\254\340\307\040\274\241\321\060}{section.0.5}% 30
\BOOKMARK [2][-]{subsection.0.5.2}{\376\377\263\000\254\001\326\124\000\040\254\000\262\245\301\061}{section.0.5}% 31
\BOOKMARK [2][-]{subsection.0.5.3}{\376\377\325\211\270\054\307\130\000\040\255\371\325\134\254\374\000\040\271\310\271\164\317\124\325\004\000\040\305\360\301\304\000*}{section.0.5}% 32
\BOOKMARK [2][-]{subsection.0.5.4}{\376\377\275\210\274\300\000\040\275\200\275\204\254\365\254\004\254\374\000\040\317\000\307\174\271\254\000-\325\164\274\000\321\064\000\040\310\025\271\254}{section.0.5}% 33
\BOOKMARK [1][-]{section.0.6}{\376\377\260\264\310\001\254\365\254\004}{}% 34
\BOOKMARK [2][-]{subsection.0.6.1}{\376\377\260\264\310\001\254\374\000\040\261\170\271\204}{section.0.6}% 35
\BOOKMARK [2][-]{subsection.0.6.2}{\376\377\255\370\267\214\000-\302\210\273\370\322\270\000\040\311\301\255\120\326\124\306\100\000\040\311\301\255\120\305\354\254\365\254\004}{section.0.6}% 36
\BOOKMARK [2][-]{subsection.0.6.3}{\376\377\301\040\326\025\305\360\300\260\307\220\307\130\000\040\302\030\274\030\305\360\300\260\307\220}{section.0.6}% 37
\BOOKMARK [2][-]{subsection.0.6.4}{\376\377\310\025\255\334\305\360\300\260\307\220\306\100\000\040\307\220\256\060\302\030\274\030\305\360\300\260\307\220}{section.0.6}% 38
\BOOKMARK [2][-]{subsection.0.6.5}{\376\377\305\360\300\260\307\220\306\100\000\040\325\211\270\054\000\040\000:\000\040\307\040\262\310\320\300\271\254\000\040\305\360\300\260\307\220\306\100\000\040\311\301\255\120\305\360\300\260\307\220}{section.0.6}% 39
\BOOKMARK [2][-]{subsection.0.6.6}{\376\377\310\025\300\254\306\001\254\374\000\040\302\244\323\231\322\270\267\374\000\040\310\025\271\254}{section.0.6}% 40
\BOOKMARK [2][-]{subsection.0.6.7}{\376\377\322\271\307\207\254\022\000\040\275\204\325\164\306\100\000\040\307\040\300\254\305\355\325\211\270\054\000*}{section.0.6}% 41
\BOOKMARK [2][-]{subsection.0.6.8}{\376\377\303\015\301\040\326\025\254\374\000\040\307\164\314\050\326\025\302\335\000*}{section.0.6}% 42
\BOOKMARK [2][-]{subsection.0.6.9}{\376\377\305\104\307\170\302\210\320\300\307\170\307\130\000\040\322\271\302\030\300\301\263\000\301\061\000\040\307\164\270\140\000*}{section.0.6}% 43
\BOOKMARK [2][-]{subsection.0.6.10}{\376\377\000\040\310\160\254\164\326\124\306\100\000\040\270\010\307\174\271\254\000\040\272\253\000*}{section.0.6}% 44
\BOOKMARK [2][-]{subsection.0.6.11}{\376\377\000\040\311\301\255\120\305\360\300\260\307\220\306\100\000\040\256\060\325\130\325\131\000*}{section.0.6}% 45
\BOOKMARK [1][-]{section.0.7}{\376\377\324\134\311\000\326\025}{}% 46
\BOOKMARK [2][-]{subsection.0.7.1}{\376\377\310\160\271\164\262\371\000\040\324\134\311\000\326\025\000\040\000I\000\040\000:\000\040\307\164\270\140\310\001\000\040\316\041\272\164}{section.0.7}% 47
\BOOKMARK [2][-]{subsection.0.7.2}{\376\377\310\160\271\164\262\371\000\040\324\134\311\000\326\025\000\040\000I\000I\000\040\000:\000\040\254\304\300\260\310\001\000\040\316\041\272\164}{section.0.7}% 48
\BOOKMARK [2][-]{subsection.0.7.3}{\376\377\315\134\301\214\262\344\325\155\302\335}{section.0.7}% 49
\BOOKMARK [2][-]{subsection.0.7.4}{\376\377\307\040\271\254\000\040\324\134\311\000\326\025\000*}{section.0.7}% 50
